{"level":"error","message":"error","service":"user-service"}
{"level":"error","message":"error","service":"user-service"}
2022-12-03T08:56:44.876Z [function createFormatWrap(opts) {
    return new Format(opts);
  }] error: error
2022-12-03T08:56:50.067Z [function createFormatWrap(opts) {
    return new Format(opts);
  }] error: error
2022-12-03T08:56:55.418Z [function createFormatWrap(opts) {
    return new Format(opts);
  }] error: error
2022-12-03T08:57:16.661Z [function createFormatWrap(opts) {
    return new Format(opts);
  }]: error
2022-12-03T08:57:20.995Z [function createFormatWrap(opts) {
    return new Format(opts);
  }] error: error
2022-12-03T08:57:28.794Z  error: error
2022-12-03T08:57:30.557Z error: error
2022-12-03T08:57:34.914Z error: error
2022-12-03T08:58:48.394Z error: error
2022-12-03T08:58:54.217Z error: error
14 error: error
14:29:00 error: error
14:29:20 [error: error
14:29:23 [error]: error
14:31:39 [[31merror[39m]: error
14:32:17 [[31merror[39m]: error
14:33:22 [[31merror[39m]: error
14:35:39 [[31merror[39m]: error
14:35:44 [[31merror[39m]: error
14:36:07 [[31merror[39m]: error
